Analysis & Synthesis report for Laboratorio5
Wed May 01 01:46:48 2019
Quartus Prime Version 18.1.0 Build 625 09/12/2018 SJ Lite Edition


---------------------
; Table of Contents ;
---------------------
  1. Legal Notice
  2. Analysis & Synthesis Summary
  3. Analysis & Synthesis Settings
  4. Parallel Compilation
  5. Analysis & Synthesis Source Files Read
  6. Analysis & Synthesis Resource Usage Summary
  7. Analysis & Synthesis Resource Utilization by Entity
  8. Analysis & Synthesis RAM Summary
  9. State Machine - |top_test|FSM:fsm|state
 10. Registers Removed During Synthesis
 11. General Register Statistics
 12. Registers Packed Into Inferred Megafunctions
 13. Multiplexer Restructuring Statistics (Restructuring Performed)
 14. Source assignments for msg:ms|altsyncram:RAM_rtl_0|altsyncram_5rd1:auto_generated
 15. Parameter Settings for User Entity Instance: VGA_Controller:controller
 16. Parameter Settings for Inferred Entity Instance: msg:ms|altsyncram:RAM_rtl_0
 17. altsyncram Parameter Settings by Entity Instance
 18. Port Connectivity Checks: "VGA_Controller:controller"
 19. Port Connectivity Checks: "cronometer2:crn2"
 20. Port Connectivity Checks: "cronometer:crn"
 21. Port Connectivity Checks: "new_clock:nw"
 22. Port Connectivity Checks: "FSM:fsm"
 23. Port Connectivity Checks: "random:ran"
 24. Port Connectivity Checks: "counter:ctn"
 25. Post-Synthesis Netlist Statistics for Top Partition
 26. Elapsed Time Per Partition
 27. Analysis & Synthesis Messages
 28. Analysis & Synthesis Suppressed Messages



----------------
; Legal Notice ;
----------------
Copyright (C) 2018  Intel Corporation. All rights reserved.
Your use of Intel Corporation's design tools, logic functions 
and other software and tools, and its AMPP partner logic 
functions, and any output files from any of the foregoing 
(including device programming or simulation files), and any 
associated documentation or information are expressly subject 
to the terms and conditions of the Intel Program License 
Subscription Agreement, the Intel Quartus Prime License Agreement,
the Intel FPGA IP License Agreement, or other applicable license
agreement, including, without limitation, that your use is for
the sole purpose of programming logic devices manufactured by
Intel and sold by Intel or its authorized distributors.  Please
refer to the applicable agreement for further details.



+-------------------------------------------------------------------------------+
; Analysis & Synthesis Summary                                                  ;
+---------------------------------+---------------------------------------------+
; Analysis & Synthesis Status     ; Successful - Wed May 01 01:46:48 2019       ;
; Quartus Prime Version           ; 18.1.0 Build 625 09/12/2018 SJ Lite Edition ;
; Revision Name                   ; Laboratorio5                                ;
; Top-level Entity Name           ; top_test                                    ;
; Family                          ; Cyclone V                                   ;
; Logic utilization (in ALMs)     ; N/A                                         ;
; Total registers                 ; 161                                         ;
; Total pins                      ; 40                                          ;
; Total virtual pins              ; 0                                           ;
; Total block memory bits         ; 8,192                                       ;
; Total DSP Blocks                ; 0                                           ;
; Total HSSI RX PCSs              ; 0                                           ;
; Total HSSI PMA RX Deserializers ; 0                                           ;
; Total HSSI TX PCSs              ; 0                                           ;
; Total HSSI PMA TX Serializers   ; 0                                           ;
; Total PLLs                      ; 0                                           ;
; Total DLLs                      ; 0                                           ;
+---------------------------------+---------------------------------------------+


+---------------------------------------------------------------------------------------------------------------------------+
; Analysis & Synthesis Settings                                                                                             ;
+---------------------------------------------------------------------------------+--------------------+--------------------+
; Option                                                                          ; Setting            ; Default Value      ;
+---------------------------------------------------------------------------------+--------------------+--------------------+
; Device                                                                          ; 5CSEMA5F31C6       ;                    ;
; Top-level entity name                                                           ; top_test           ; Laboratorio5       ;
; Family name                                                                     ; Cyclone V          ; Cyclone V          ;
; Use smart compilation                                                           ; Off                ; Off                ;
; Enable parallel Assembler and Timing Analyzer during compilation                ; On                 ; On                 ;
; Enable compact report table                                                     ; Off                ; Off                ;
; Restructure Multiplexers                                                        ; Auto               ; Auto               ;
; MLAB Add Timing Constraints For Mixed-Port Feed-Through Mode Setting Don't Care ; Off                ; Off                ;
; Create Debugging Nodes for IP Cores                                             ; Off                ; Off                ;
; Preserve fewer node names                                                       ; On                 ; On                 ;
; Intel FPGA IP Evaluation Mode                                                   ; Enable             ; Enable             ;
; Verilog Version                                                                 ; Verilog_2001       ; Verilog_2001       ;
; VHDL Version                                                                    ; VHDL_1993          ; VHDL_1993          ;
; State Machine Processing                                                        ; Auto               ; Auto               ;
; Safe State Machine                                                              ; Off                ; Off                ;
; Extract Verilog State Machines                                                  ; On                 ; On                 ;
; Extract VHDL State Machines                                                     ; On                 ; On                 ;
; Ignore Verilog initial constructs                                               ; Off                ; Off                ;
; Iteration limit for constant Verilog loops                                      ; 5000               ; 5000               ;
; Iteration limit for non-constant Verilog loops                                  ; 250                ; 250                ;
; Add Pass-Through Logic to Inferred RAMs                                         ; On                 ; On                 ;
; Infer RAMs from Raw Logic                                                       ; On                 ; On                 ;
; Parallel Synthesis                                                              ; On                 ; On                 ;
; DSP Block Balancing                                                             ; Auto               ; Auto               ;
; NOT Gate Push-Back                                                              ; On                 ; On                 ;
; Power-Up Don't Care                                                             ; On                 ; On                 ;
; Remove Redundant Logic Cells                                                    ; Off                ; Off                ;
; Remove Duplicate Registers                                                      ; On                 ; On                 ;
; Ignore CARRY Buffers                                                            ; Off                ; Off                ;
; Ignore CASCADE Buffers                                                          ; Off                ; Off                ;
; Ignore GLOBAL Buffers                                                           ; Off                ; Off                ;
; Ignore ROW GLOBAL Buffers                                                       ; Off                ; Off                ;
; Ignore LCELL Buffers                                                            ; Off                ; Off                ;
; Ignore SOFT Buffers                                                             ; On                 ; On                 ;
; Limit AHDL Integers to 32 Bits                                                  ; Off                ; Off                ;
; Optimization Technique                                                          ; Balanced           ; Balanced           ;
; Carry Chain Length                                                              ; 70                 ; 70                 ;
; Auto Carry Chains                                                               ; On                 ; On                 ;
; Auto Open-Drain Pins                                                            ; On                 ; On                 ;
; Perform WYSIWYG Primitive Resynthesis                                           ; Off                ; Off                ;
; Auto ROM Replacement                                                            ; On                 ; On                 ;
; Auto RAM Replacement                                                            ; On                 ; On                 ;
; Auto DSP Block Replacement                                                      ; On                 ; On                 ;
; Auto Shift Register Replacement                                                 ; Auto               ; Auto               ;
; Allow Shift Register Merging across Hierarchies                                 ; Auto               ; Auto               ;
; Auto Clock Enable Replacement                                                   ; On                 ; On                 ;
; Strict RAM Replacement                                                          ; Off                ; Off                ;
; Allow Synchronous Control Signals                                               ; On                 ; On                 ;
; Force Use of Synchronous Clear Signals                                          ; Off                ; Off                ;
; Auto Resource Sharing                                                           ; Off                ; Off                ;
; Allow Any RAM Size For Recognition                                              ; Off                ; Off                ;
; Allow Any ROM Size For Recognition                                              ; Off                ; Off                ;
; Allow Any Shift Register Size For Recognition                                   ; Off                ; Off                ;
; Use LogicLock Constraints during Resource Balancing                             ; On                 ; On                 ;
; Ignore translate_off and synthesis_off directives                               ; Off                ; Off                ;
; Timing-Driven Synthesis                                                         ; On                 ; On                 ;
; Report Parameter Settings                                                       ; On                 ; On                 ;
; Report Source Assignments                                                       ; On                 ; On                 ;
; Report Connectivity Checks                                                      ; On                 ; On                 ;
; Ignore Maximum Fan-Out Assignments                                              ; Off                ; Off                ;
; Synchronization Register Chain Length                                           ; 3                  ; 3                  ;
; Power Optimization During Synthesis                                             ; Normal compilation ; Normal compilation ;
; HDL message level                                                               ; Level2             ; Level2             ;
; Suppress Register Optimization Related Messages                                 ; Off                ; Off                ;
; Number of Removed Registers Reported in Synthesis Report                        ; 5000               ; 5000               ;
; Number of Swept Nodes Reported in Synthesis Report                              ; 5000               ; 5000               ;
; Number of Inverted Registers Reported in Synthesis Report                       ; 100                ; 100                ;
; Clock MUX Protection                                                            ; On                 ; On                 ;
; Auto Gated Clock Conversion                                                     ; Off                ; Off                ;
; Block Design Naming                                                             ; Auto               ; Auto               ;
; SDC constraint protection                                                       ; Off                ; Off                ;
; Synthesis Effort                                                                ; Auto               ; Auto               ;
; Shift Register Replacement - Allow Asynchronous Clear Signal                    ; On                 ; On                 ;
; Pre-Mapping Resynthesis Optimization                                            ; Off                ; Off                ;
; Analysis & Synthesis Message Level                                              ; Medium             ; Medium             ;
; Disable Register Merging Across Hierarchies                                     ; Auto               ; Auto               ;
; Resource Aware Inference For Block RAM                                          ; On                 ; On                 ;
; Automatic Parallel Synthesis                                                    ; On                 ; On                 ;
; Partial Reconfiguration Bitstream ID                                            ; Off                ; Off                ;
+---------------------------------------------------------------------------------+--------------------+--------------------+


+------------------------------------------+
; Parallel Compilation                     ;
+----------------------------+-------------+
; Processors                 ; Number      ;
+----------------------------+-------------+
; Number detected on machine ; 8           ;
; Maximum allowed            ; 4           ;
;                            ;             ;
; Average used               ; 1.00        ;
; Maximum used               ; 4           ;
;                            ;             ;
; Usage by Processor         ; % Time Used ;
;     Processor 1            ; 100.0%      ;
;     Processors 2-4         ;   0.0%      ;
+----------------------------+-------------+


+-------------------------------------------------------------------------------------------------------------------------------------------------------------------------------------------------------------------+
; Analysis & Synthesis Source Files Read                                                                                                                                                                            ;
+----------------------------------------+-----------------+-------------------------------------------------------+--------------------------------------------------------------------------------------+---------+
; File Name with User-Entered Path       ; Used in Netlist ; File Type                                             ; File Name with Absolute Path                                                         ; Library ;
+----------------------------------------+-----------------+-------------------------------------------------------+--------------------------------------------------------------------------------------+---------+
; msg.sv                                 ; yes             ; User SystemVerilog HDL File                           ; C:/Users/Jose Rivera/Documents/VGA-Controller/msg.sv                                 ;         ;
; antirrebote.sv                         ; yes             ; User SystemVerilog HDL File                           ; C:/Users/Jose Rivera/Documents/VGA-Controller/antirrebote.sv                         ;         ;
; decodificador.vhd                      ; yes             ; User VHDL File                                        ; C:/Users/Jose Rivera/Documents/VGA-Controller/decodificador.vhd                      ;         ;
; counter.sv                             ; yes             ; User SystemVerilog HDL File                           ; C:/Users/Jose Rivera/Documents/VGA-Controller/counter.sv                             ;         ;
; Comparator.sv                          ; yes             ; User SystemVerilog HDL File                           ; C:/Users/Jose Rivera/Documents/VGA-Controller/Comparator.sv                          ;         ;
; FSM.sv                                 ; yes             ; User SystemVerilog HDL File                           ; C:/Users/Jose Rivera/Documents/VGA-Controller/FSM.sv                                 ;         ;
; VGA_Controller.sv                      ; yes             ; User SystemVerilog HDL File                           ; C:/Users/Jose Rivera/Documents/VGA-Controller/VGA_Controller.sv                      ;         ;
; clk_div.sv                             ; yes             ; User SystemVerilog HDL File                           ; C:/Users/Jose Rivera/Documents/VGA-Controller/clk_div.sv                             ;         ;
; mux_RGB.sv                             ; yes             ; User SystemVerilog HDL File                           ; C:/Users/Jose Rivera/Documents/VGA-Controller/mux_RGB.sv                             ;         ;
; selector.sv                            ; yes             ; User SystemVerilog HDL File                           ; C:/Users/Jose Rivera/Documents/VGA-Controller/selector.sv                            ;         ;
; hlineGenerator.sv                      ; yes             ; User SystemVerilog HDL File                           ; C:/Users/Jose Rivera/Documents/VGA-Controller/hlineGenerator.sv                      ;         ;
; vlineGenerator.sv                      ; yes             ; User SystemVerilog HDL File                           ; C:/Users/Jose Rivera/Documents/VGA-Controller/vlineGenerator.sv                      ;         ;
; top_test.sv                            ; yes             ; User SystemVerilog HDL File                           ; C:/Users/Jose Rivera/Documents/VGA-Controller/top_test.sv                            ;         ;
; random.sv                              ; yes             ; User SystemVerilog HDL File                           ; C:/Users/Jose Rivera/Documents/VGA-Controller/random.sv                              ;         ;
; sprite.sv                              ; yes             ; User SystemVerilog HDL File                           ; C:/Users/Jose Rivera/Documents/VGA-Controller/sprite.sv                              ;         ;
; cronometer.sv                          ; yes             ; User SystemVerilog HDL File                           ; C:/Users/Jose Rivera/Documents/VGA-Controller/cronometer.sv                          ;         ;
; new_clock.sv                           ; yes             ; User SystemVerilog HDL File                           ; C:/Users/Jose Rivera/Documents/VGA-Controller/new_clock.sv                           ;         ;
; mux_sprite_state.sv                    ; yes             ; User SystemVerilog HDL File                           ; C:/Users/Jose Rivera/Documents/VGA-Controller/mux_sprite_state.sv                    ;         ;
; mux_RGB_spr.sv                         ; yes             ; User SystemVerilog HDL File                           ; C:/Users/Jose Rivera/Documents/VGA-Controller/mux_RGB_spr.sv                         ;         ;
; selectionCompartor.sv                  ; yes             ; User SystemVerilog HDL File                           ; C:/Users/Jose Rivera/Documents/VGA-Controller/selectionCompartor.sv                  ;         ;
; mux_msg_state.sv                       ; yes             ; User SystemVerilog HDL File                           ; C:/Users/Jose Rivera/Documents/VGA-Controller/mux_msg_state.sv                       ;         ;
; mux_RGB_msg.sv                         ; yes             ; User SystemVerilog HDL File                           ; C:/Users/Jose Rivera/Documents/VGA-Controller/mux_RGB_msg.sv                         ;         ;
; cronometer2.sv                         ; yes             ; User SystemVerilog HDL File                           ; C:/Users/Jose Rivera/Documents/VGA-Controller/cronometer2.sv                         ;         ;
; altsyncram.tdf                         ; yes             ; Megafunction                                          ; c:/intelfpga_lite/18.1/quartus/libraries/megafunctions/altsyncram.tdf                ;         ;
; stratix_ram_block.inc                  ; yes             ; Megafunction                                          ; c:/intelfpga_lite/18.1/quartus/libraries/megafunctions/stratix_ram_block.inc         ;         ;
; lpm_mux.inc                            ; yes             ; Megafunction                                          ; c:/intelfpga_lite/18.1/quartus/libraries/megafunctions/lpm_mux.inc                   ;         ;
; lpm_decode.inc                         ; yes             ; Megafunction                                          ; c:/intelfpga_lite/18.1/quartus/libraries/megafunctions/lpm_decode.inc                ;         ;
; aglobal181.inc                         ; yes             ; Megafunction                                          ; c:/intelfpga_lite/18.1/quartus/libraries/megafunctions/aglobal181.inc                ;         ;
; a_rdenreg.inc                          ; yes             ; Megafunction                                          ; c:/intelfpga_lite/18.1/quartus/libraries/megafunctions/a_rdenreg.inc                 ;         ;
; altrom.inc                             ; yes             ; Megafunction                                          ; c:/intelfpga_lite/18.1/quartus/libraries/megafunctions/altrom.inc                    ;         ;
; altram.inc                             ; yes             ; Megafunction                                          ; c:/intelfpga_lite/18.1/quartus/libraries/megafunctions/altram.inc                    ;         ;
; altdpram.inc                           ; yes             ; Megafunction                                          ; c:/intelfpga_lite/18.1/quartus/libraries/megafunctions/altdpram.inc                  ;         ;
; db/altsyncram_5rd1.tdf                 ; yes             ; Auto-Generated Megafunction                           ; C:/Users/Jose Rivera/Documents/VGA-Controller/db/altsyncram_5rd1.tdf                 ;         ;
; db/laboratorio5.ram0_msg_1c214.hdl.mif ; yes             ; Auto-Generated Auto-Found Memory Initialization File  ; C:/Users/Jose Rivera/Documents/VGA-Controller/db/laboratorio5.ram0_msg_1c214.hdl.mif ;         ;
+----------------------------------------+-----------------+-------------------------------------------------------+--------------------------------------------------------------------------------------+---------+


+---------------------------------------------------------+
; Analysis & Synthesis Resource Usage Summary             ;
+---------------------------------------------+-----------+
; Resource                                    ; Usage     ;
+---------------------------------------------+-----------+
; Estimate of Logic utilization (ALMs needed) ; 237       ;
;                                             ;           ;
; Combinational ALUT usage for logic          ; 365       ;
;     -- 7 input functions                    ; 5         ;
;     -- 6 input functions                    ; 102       ;
;     -- 5 input functions                    ; 62        ;
;     -- 4 input functions                    ; 35        ;
;     -- <=3 input functions                  ; 161       ;
;                                             ;           ;
; Dedicated logic registers                   ; 161       ;
;                                             ;           ;
; I/O pins                                    ; 40        ;
; Total MLAB memory bits                      ; 0         ;
; Total block memory bits                     ; 8192      ;
;                                             ;           ;
; Total DSP Blocks                            ; 0         ;
;                                             ;           ;
; Maximum fan-out node                        ; clk~input ;
; Maximum fan-out                             ; 93        ;
; Total fan-out                               ; 2022      ;
; Average fan-out                             ; 3.33      ;
+---------------------------------------------+-----------+


+---------------------------------------------------------------------------------------------------------------------------------------------------------------------------------------------------------------------------------------------------------------+
; Analysis & Synthesis Resource Utilization by Entity                                                                                                                                                                                                           ;
+-------------------------------------------+---------------------+---------------------------+-------------------+------------+------+--------------+----------------------------------------------------------------------+--------------------+--------------+
; Compilation Hierarchy Node                ; Combinational ALUTs ; Dedicated Logic Registers ; Block Memory Bits ; DSP Blocks ; Pins ; Virtual Pins ; Full Hierarchy Name                                                  ; Entity Name        ; Library Name ;
+-------------------------------------------+---------------------+---------------------------+-------------------+------------+------+--------------+----------------------------------------------------------------------+--------------------+--------------+
; |top_test                                 ; 365 (0)             ; 161 (0)                   ; 8192              ; 0          ; 40   ; 0            ; |top_test                                                            ; top_test           ; work         ;
;    |Comparator:comp|                      ; 16 (16)             ; 1 (1)                     ; 0                 ; 0          ; 0    ; 0            ; |top_test|Comparator:comp                                            ; Comparator         ; work         ;
;    |FSM:fsm|                              ; 7 (7)               ; 6 (6)                     ; 0                 ; 0          ; 0    ; 0            ; |top_test|FSM:fsm                                                    ; FSM                ; work         ;
;    |VGA_Controller:controller|            ; 65 (65)             ; 49 (49)                   ; 0                 ; 0          ; 0    ; 0            ; |top_test|VGA_Controller:controller                                  ; VGA_Controller     ; work         ;
;    |antirrebote:ant1|                     ; 24 (24)             ; 22 (22)                   ; 0                 ; 0          ; 0    ; 0            ; |top_test|antirrebote:ant1                                           ; antirrebote        ; work         ;
;    |antirrebote:ant|                      ; 24 (24)             ; 22 (22)                   ; 0                 ; 0          ; 0    ; 0            ; |top_test|antirrebote:ant                                            ; antirrebote        ; work         ;
;    |clk_div:nclk|                         ; 1 (1)               ; 1 (1)                     ; 0                 ; 0          ; 0    ; 0            ; |top_test|clk_div:nclk                                               ; clk_div            ; work         ;
;    |counter:ctn|                          ; 4 (4)               ; 3 (3)                     ; 0                 ; 0          ; 0    ; 0            ; |top_test|counter:ctn                                                ; counter            ; work         ;
;    |cronometer2:crn2|                     ; 3 (3)               ; 3 (3)                     ; 0                 ; 0          ; 0    ; 0            ; |top_test|cronometer2:crn2                                           ; cronometer2        ; work         ;
;    |cronometer:crn|                       ; 4 (4)               ; 3 (3)                     ; 0                 ; 0          ; 0    ; 0            ; |top_test|cronometer:crn                                             ; cronometer         ; work         ;
;    |decodificador:deco|                   ; 7 (7)               ; 0 (0)                     ; 0                 ; 0          ; 0    ; 0            ; |top_test|decodificador:deco                                         ; decodificador      ; work         ;
;    |hlineGenerator:generator|             ; 2 (2)               ; 1 (1)                     ; 0                 ; 0          ; 0    ; 0            ; |top_test|hlineGenerator:generator                                   ; hlineGenerator     ; work         ;
;    |msg:ms|                               ; 22 (22)             ; 1 (1)                     ; 8192              ; 0          ; 0    ; 0            ; |top_test|msg:ms                                                     ; msg                ; work         ;
;       |altsyncram:RAM_rtl_0|              ; 0 (0)               ; 0 (0)                     ; 8192              ; 0          ; 0    ; 0            ; |top_test|msg:ms|altsyncram:RAM_rtl_0                                ; altsyncram         ; work         ;
;          |altsyncram_5rd1:auto_generated| ; 0 (0)               ; 0 (0)                     ; 8192              ; 0          ; 0    ; 0            ; |top_test|msg:ms|altsyncram:RAM_rtl_0|altsyncram_5rd1:auto_generated ; altsyncram_5rd1    ; work         ;
;    |mux_RGB:dut|                          ; 3 (3)               ; 0 (0)                     ; 0                 ; 0          ; 0    ; 0            ; |top_test|mux_RGB:dut                                                ; mux_RGB            ; work         ;
;    |mux_RGB_spr:mxsc|                     ; 6 (6)               ; 0 (0)                     ; 0                 ; 0          ; 0    ; 0            ; |top_test|mux_RGB_spr:mxsc                                           ; mux_RGB_spr        ; work         ;
;    |new_clock:nw|                         ; 31 (31)             ; 27 (27)                   ; 0                 ; 0          ; 0    ; 0            ; |top_test|new_clock:nw                                               ; new_clock          ; work         ;
;    |random:ran|                           ; 16 (16)             ; 11 (11)                   ; 0                 ; 0          ; 0    ; 0            ; |top_test|random:ran                                                 ; random             ; work         ;
;    |selectionCompartor:sc|                ; 4 (4)               ; 4 (4)                     ; 0                 ; 0          ; 0    ; 0            ; |top_test|selectionCompartor:sc                                      ; selectionCompartor ; work         ;
;    |selector:selectd|                     ; 4 (4)               ; 0 (0)                     ; 0                 ; 0          ; 0    ; 0            ; |top_test|selector:selectd                                           ; selector           ; work         ;
;    |sprite:sp|                            ; 118 (118)           ; 6 (6)                     ; 0                 ; 0          ; 0    ; 0            ; |top_test|sprite:sp                                                  ; sprite             ; work         ;
;    |vlineGenerator:generator2|            ; 4 (4)               ; 1 (1)                     ; 0                 ; 0          ; 0    ; 0            ; |top_test|vlineGenerator:generator2                                  ; vlineGenerator     ; work         ;
+-------------------------------------------+---------------------+---------------------------+-------------------+------------+------+--------------+----------------------------------------------------------------------+--------------------+--------------+
Note: For table entries with two numbers listed, the numbers in parentheses indicate the number of resources of the given type used by the specific entity alone. The numbers listed outside of parentheses indicate the total resources of the given type used by the specific entity and all of its sub-entities in the hierarchy.


+-------------------------------------------------------------------------------------------------------------------------------------------------------------------------------------------------+
; Analysis & Synthesis RAM Summary                                                                                                                                                                ;
+-----------------------------------------------------------------------+------+------+--------------+--------------+--------------+--------------+------+----------------------------------------+
; Name                                                                  ; Type ; Mode ; Port A Depth ; Port A Width ; Port B Depth ; Port B Width ; Size ; MIF                                    ;
+-----------------------------------------------------------------------+------+------+--------------+--------------+--------------+--------------+------+----------------------------------------+
; msg:ms|altsyncram:RAM_rtl_0|altsyncram_5rd1:auto_generated|ALTSYNCRAM ; AUTO ; ROM  ; 4096         ; 2            ; --           ; --           ; 8192 ; db/Laboratorio5.ram0_msg_1c214.hdl.mif ;
+-----------------------------------------------------------------------+------+------+--------------+--------------+--------------+--------------+------+----------------------------------------+


Encoding Type:  One-Hot
+------------------------------------------------------------------------------------------+
; State Machine - |top_test|FSM:fsm|state                                                  ;
+------------+------------+------------+------------+------------+------------+------------+
; Name       ; state.0011 ; state.0010 ; state.0001 ; state.0000 ; state.1000 ; state.0111 ;
+------------+------------+------------+------------+------------+------------+------------+
; state.0000 ; 0          ; 0          ; 0          ; 0          ; 0          ; 0          ;
; state.0001 ; 0          ; 0          ; 1          ; 1          ; 0          ; 0          ;
; state.0010 ; 0          ; 1          ; 0          ; 1          ; 0          ; 0          ;
; state.0011 ; 1          ; 0          ; 0          ; 1          ; 0          ; 0          ;
; state.0111 ; 0          ; 0          ; 0          ; 1          ; 0          ; 1          ;
; state.1000 ; 0          ; 0          ; 0          ; 1          ; 1          ; 0          ;
+------------+------------+------------+------------+------------+------------+------------+


+-------------------------------------------------------------------------------------------------+
; Registers Removed During Synthesis                                                              ;
+----------------------------------------------------+--------------------------------------------+
; Register name                                      ; Reason for Removal                         ;
+----------------------------------------------------+--------------------------------------------+
; VGA_Controller:controller|oVGA_SYNC                ; Stuck at GND due to stuck port data_in     ;
; vlineGenerator:generator2|vline[0..23]             ; Stuck at GND due to stuck port data_in     ;
; hlineGenerator:generator|hline[0..23]              ; Stuck at GND due to stuck port data_in     ;
; Comparator:comp|ocuadrante[2,4,5,10..13,16,18..22] ; Merged with Comparator:comp|ocuadrante[0]  ;
; Comparator:comp|ocuadrante[1,3,6..9,15,17,23]      ; Merged with Comparator:comp|ocuadrante[14] ;
; counter:ctn|seconds[2]                             ; Merged with counter:ctn|enable[2]          ;
; counter:ctn|seconds[1]                             ; Merged with counter:ctn|enable[1]          ;
; counter:ctn|seconds[0]                             ; Merged with counter:ctn|enable[0]          ;
; Comparator:comp|ocuadrante[0]                      ; Stuck at GND due to stuck port data_in     ;
; Comparator:comp|ocuadrante[14]                     ; Stuck at VCC due to stuck port data_in     ;
; FSM:fsm|state~4                                    ; Lost fanout                                ;
; FSM:fsm|state~5                                    ; Lost fanout                                ;
; Total Number of Removed Registers = 78             ;                                            ;
+----------------------------------------------------+--------------------------------------------+


+------------------------------------------------------+
; General Register Statistics                          ;
+----------------------------------------------+-------+
; Statistic                                    ; Value ;
+----------------------------------------------+-------+
; Total registers                              ; 161   ;
; Number of registers using Synchronous Clear  ; 93    ;
; Number of registers using Synchronous Load   ; 0     ;
; Number of registers using Asynchronous Clear ; 0     ;
; Number of registers using Asynchronous Load  ; 0     ;
; Number of registers using Clock Enable       ; 65    ;
; Number of registers using Preset             ; 0     ;
+----------------------------------------------+-------+


+----------------------------------------------+
; Registers Packed Into Inferred Megafunctions ;
+-----------------+------------------+---------+
; Register Name   ; Megafunction     ; Type    ;
+-----------------+------------------+---------+
; msg:ms|msg[0,1] ; msg:ms|RAM_rtl_0 ; RAM     ;
+-----------------+------------------+---------+


+-------------------------------------------------------------------------------------------------------------------------------------------------------------+
; Multiplexer Restructuring Statistics (Restructuring Performed)                                                                                              ;
+--------------------+-----------+---------------+----------------------+------------------------+------------+-----------------------------------------------+
; Multiplexer Inputs ; Bus Width ; Baseline Area ; Area if Restructured ; Saving if Restructured ; Registered ; Example Multiplexer Output                    ;
+--------------------+-----------+---------------+----------------------+------------------------+------------+-----------------------------------------------+
; 3:1                ; 3 bits    ; 6 LEs         ; 3 LEs                ; 3 LEs                  ; Yes        ; |top_test|counter:ctn|enable[1]               ;
; 3:1                ; 2 bits    ; 4 LEs         ; 2 LEs                ; 2 LEs                  ; Yes        ; |top_test|selectionCompartor:sc|winTemp       ;
; 3:1                ; 2 bits    ; 4 LEs         ; 4 LEs                ; 0 LEs                  ; Yes        ; |top_test|random:ran|randnumTemp[1]           ;
; 3:1                ; 19 bits   ; 38 LEs        ; 0 LEs                ; 38 LEs                 ; Yes        ; |top_test|antirrebote:ant|counter[16]         ;
; 3:1                ; 19 bits   ; 38 LEs        ; 0 LEs                ; 38 LEs                 ; Yes        ; |top_test|antirrebote:ant1|counter[14]        ;
; 6:1                ; 7 bits    ; 28 LEs        ; 21 LEs               ; 7 LEs                  ; Yes        ; |top_test|VGA_Controller:controller|oVGA_G[7] ;
; 6:1                ; 9 bits    ; 36 LEs        ; 18 LEs               ; 18 LEs                 ; Yes        ; |top_test|VGA_Controller:controller|oVGA_B[5] ;
; 3:1                ; 5 bits    ; 10 LEs        ; 5 LEs                ; 5 LEs                  ; No         ; |top_test|sprite:sp|Add0                      ;
; 4:1                ; 2 bits    ; 4 LEs         ; 4 LEs                ; 0 LEs                  ; No         ; |top_test|selector:selectd|seleccion[2]       ;
+--------------------+-----------+---------------+----------------------+------------------------+------------+-----------------------------------------------+


+-----------------------------------------------------------------------------------+
; Source assignments for msg:ms|altsyncram:RAM_rtl_0|altsyncram_5rd1:auto_generated ;
+---------------------------------+--------------------+------+---------------------+
; Assignment                      ; Value              ; From ; To                  ;
+---------------------------------+--------------------+------+---------------------+
; OPTIMIZE_POWER_DURING_SYNTHESIS ; NORMAL_COMPILATION ; -    ; -                   ;
+---------------------------------+--------------------+------+---------------------+


+------------------------------------------------------------------------+
; Parameter Settings for User Entity Instance: VGA_Controller:controller ;
+----------------+-------+-----------------------------------------------+
; Parameter Name ; Value ; Type                                          ;
+----------------+-------+-----------------------------------------------+
; H_SYNC_CYC     ; 95    ; Signed Integer                                ;
; H_SYNC_BACK    ; 45    ; Signed Integer                                ;
; H_SYNC_ACT     ; 640   ; Signed Integer                                ;
; H_SYNC_FRONT   ; 15    ; Signed Integer                                ;
; H_SYNC_TOTAL   ; 795   ; Signed Integer                                ;
; V_SYNC_CYC     ; 2     ; Signed Integer                                ;
; V_SYNC_BACK    ; 32    ; Signed Integer                                ;
; V_SYNC_ACT     ; 480   ; Signed Integer                                ;
; V_SYNC_FRONT   ; 14    ; Signed Integer                                ;
; V_SYNC_TOTAL   ; 528   ; Signed Integer                                ;
; X_START        ; 140   ; Signed Integer                                ;
; Y_START        ; 34    ; Signed Integer                                ;
+----------------+-------+-----------------------------------------------+
Note: In order to hide this table in the UI and the text report file, please set the "Show Parameter Settings in Synthesis Report" option in "Analysis and Synthesis Settings -> More Settings" to "Off".


+----------------------------------------------------------------------------------------------+
; Parameter Settings for Inferred Entity Instance: msg:ms|altsyncram:RAM_rtl_0                 ;
+------------------------------------+----------------------------------------+----------------+
; Parameter Name                     ; Value                                  ; Type           ;
+------------------------------------+----------------------------------------+----------------+
; BYTE_SIZE_BLOCK                    ; 8                                      ; Untyped        ;
; AUTO_CARRY_CHAINS                  ; ON                                     ; AUTO_CARRY     ;
; IGNORE_CARRY_BUFFERS               ; OFF                                    ; IGNORE_CARRY   ;
; AUTO_CASCADE_CHAINS                ; ON                                     ; AUTO_CASCADE   ;
; IGNORE_CASCADE_BUFFERS             ; OFF                                    ; IGNORE_CASCADE ;
; WIDTH_BYTEENA                      ; 1                                      ; Untyped        ;
; OPERATION_MODE                     ; ROM                                    ; Untyped        ;
; WIDTH_A                            ; 2                                      ; Untyped        ;
; WIDTHAD_A                          ; 12                                     ; Untyped        ;
; NUMWORDS_A                         ; 4096                                   ; Untyped        ;
; OUTDATA_REG_A                      ; UNREGISTERED                           ; Untyped        ;
; ADDRESS_ACLR_A                     ; NONE                                   ; Untyped        ;
; OUTDATA_ACLR_A                     ; NONE                                   ; Untyped        ;
; WRCONTROL_ACLR_A                   ; NONE                                   ; Untyped        ;
; INDATA_ACLR_A                      ; NONE                                   ; Untyped        ;
; BYTEENA_ACLR_A                     ; NONE                                   ; Untyped        ;
; WIDTH_B                            ; 1                                      ; Untyped        ;
; WIDTHAD_B                          ; 1                                      ; Untyped        ;
; NUMWORDS_B                         ; 1                                      ; Untyped        ;
; INDATA_REG_B                       ; CLOCK1                                 ; Untyped        ;
; WRCONTROL_WRADDRESS_REG_B          ; CLOCK1                                 ; Untyped        ;
; RDCONTROL_REG_B                    ; CLOCK1                                 ; Untyped        ;
; ADDRESS_REG_B                      ; CLOCK1                                 ; Untyped        ;
; OUTDATA_REG_B                      ; UNREGISTERED                           ; Untyped        ;
; BYTEENA_REG_B                      ; CLOCK1                                 ; Untyped        ;
; INDATA_ACLR_B                      ; NONE                                   ; Untyped        ;
; WRCONTROL_ACLR_B                   ; NONE                                   ; Untyped        ;
; ADDRESS_ACLR_B                     ; NONE                                   ; Untyped        ;
; OUTDATA_ACLR_B                     ; NONE                                   ; Untyped        ;
; RDCONTROL_ACLR_B                   ; NONE                                   ; Untyped        ;
; BYTEENA_ACLR_B                     ; NONE                                   ; Untyped        ;
; WIDTH_BYTEENA_A                    ; 1                                      ; Untyped        ;
; WIDTH_BYTEENA_B                    ; 1                                      ; Untyped        ;
; RAM_BLOCK_TYPE                     ; AUTO                                   ; Untyped        ;
; BYTE_SIZE                          ; 8                                      ; Untyped        ;
; READ_DURING_WRITE_MODE_MIXED_PORTS ; DONT_CARE                              ; Untyped        ;
; READ_DURING_WRITE_MODE_PORT_A      ; NEW_DATA_NO_NBE_READ                   ; Untyped        ;
; READ_DURING_WRITE_MODE_PORT_B      ; NEW_DATA_NO_NBE_READ                   ; Untyped        ;
; INIT_FILE                          ; db/Laboratorio5.ram0_msg_1c214.hdl.mif ; Untyped        ;
; INIT_FILE_LAYOUT                   ; PORT_A                                 ; Untyped        ;
; MAXIMUM_DEPTH                      ; 0                                      ; Untyped        ;
; CLOCK_ENABLE_INPUT_A               ; NORMAL                                 ; Untyped        ;
; CLOCK_ENABLE_INPUT_B               ; NORMAL                                 ; Untyped        ;
; CLOCK_ENABLE_OUTPUT_A              ; NORMAL                                 ; Untyped        ;
; CLOCK_ENABLE_OUTPUT_B              ; NORMAL                                 ; Untyped        ;
; CLOCK_ENABLE_CORE_A                ; USE_INPUT_CLKEN                        ; Untyped        ;
; CLOCK_ENABLE_CORE_B                ; USE_INPUT_CLKEN                        ; Untyped        ;
; ENABLE_ECC                         ; FALSE                                  ; Untyped        ;
; ECC_PIPELINE_STAGE_ENABLED         ; FALSE                                  ; Untyped        ;
; WIDTH_ECCSTATUS                    ; 3                                      ; Untyped        ;
; DEVICE_FAMILY                      ; Cyclone V                              ; Untyped        ;
; CBXI_PARAMETER                     ; altsyncram_5rd1                        ; Untyped        ;
+------------------------------------+----------------------------------------+----------------+
Note: In order to hide this table in the UI and the text report file, please set the "Show Parameter Settings in Synthesis Report" option in "Analysis and Synthesis Settings -> More Settings" to "Off".


+-------------------------------------------------------------------------+
; altsyncram Parameter Settings by Entity Instance                        ;
+-------------------------------------------+-----------------------------+
; Name                                      ; Value                       ;
+-------------------------------------------+-----------------------------+
; Number of entity instances                ; 1                           ;
; Entity Instance                           ; msg:ms|altsyncram:RAM_rtl_0 ;
;     -- OPERATION_MODE                     ; ROM                         ;
;     -- WIDTH_A                            ; 2                           ;
;     -- NUMWORDS_A                         ; 4096                        ;
;     -- OUTDATA_REG_A                      ; UNREGISTERED                ;
;     -- WIDTH_B                            ; 1                           ;
;     -- NUMWORDS_B                         ; 1                           ;
;     -- ADDRESS_REG_B                      ; CLOCK1                      ;
;     -- OUTDATA_REG_B                      ; UNREGISTERED                ;
;     -- RAM_BLOCK_TYPE                     ; AUTO                        ;
;     -- READ_DURING_WRITE_MODE_MIXED_PORTS ; DONT_CARE                   ;
+-------------------------------------------+-----------------------------+


+-------------------------------------------------------+
; Port Connectivity Checks: "VGA_Controller:controller" ;
+--------+-------+----------+---------------------------+
; Port   ; Type  ; Severity ; Details                   ;
+--------+-------+----------+---------------------------+
; iRST_N ; Input ; Info     ; Stuck at GND              ;
+--------+-------+----------+---------------------------+


+----------------------------------------------+
; Port Connectivity Checks: "cronometer2:crn2" ;
+------+-------+----------+--------------------+
; Port ; Type  ; Severity ; Details            ;
+------+-------+----------+--------------------+
; rst  ; Input ; Info     ; Stuck at GND       ;
+------+-------+----------+--------------------+


+--------------------------------------------+
; Port Connectivity Checks: "cronometer:crn" ;
+------+-------+----------+------------------+
; Port ; Type  ; Severity ; Details          ;
+------+-------+----------+------------------+
; rst  ; Input ; Info     ; Stuck at GND     ;
+------+-------+----------+------------------+


+------------------------------------------+
; Port Connectivity Checks: "new_clock:nw" ;
+------+-------+----------+----------------+
; Port ; Type  ; Severity ; Details        ;
+------+-------+----------+----------------+
; rst  ; Input ; Info     ; Stuck at GND   ;
+------+-------+----------+----------------+


+----------------------------------------+
; Port Connectivity Checks: "FSM:fsm"    ;
+------+-------+----------+--------------+
; Port ; Type  ; Severity ; Details      ;
+------+-------+----------+--------------+
; rst  ; Input ; Info     ; Stuck at GND ;
+------+-------+----------+--------------+


+----------------------------------------+
; Port Connectivity Checks: "random:ran" ;
+------+-------+----------+--------------+
; Port ; Type  ; Severity ; Details      ;
+------+-------+----------+--------------+
; rst  ; Input ; Info     ; Stuck at GND ;
+------+-------+----------+--------------+


+-----------------------------------------+
; Port Connectivity Checks: "counter:ctn" ;
+------+-------+----------+---------------+
; Port ; Type  ; Severity ; Details       ;
+------+-------+----------+---------------+
; rst  ; Input ; Info     ; Stuck at GND  ;
+------+-------+----------+---------------+


+-----------------------------------------------------+
; Post-Synthesis Netlist Statistics for Top Partition ;
+-----------------------+-----------------------------+
; Type                  ; Count                       ;
+-----------------------+-----------------------------+
; arriav_ff             ; 161                         ;
;     ENA               ; 17                          ;
;     ENA SCLR          ; 48                          ;
;     SCLR              ; 45                          ;
;     plain             ; 51                          ;
; arriav_lcell_comb     ; 366                         ;
;     arith             ; 125                         ;
;         0 data inputs ; 2                           ;
;         1 data inputs ; 111                         ;
;         2 data inputs ; 4                           ;
;         3 data inputs ; 1                           ;
;         4 data inputs ; 2                           ;
;         5 data inputs ; 5                           ;
;     extend            ; 5                           ;
;         7 data inputs ; 5                           ;
;     normal            ; 236                         ;
;         0 data inputs ; 1                           ;
;         1 data inputs ; 5                           ;
;         2 data inputs ; 14                          ;
;         3 data inputs ; 24                          ;
;         4 data inputs ; 33                          ;
;         5 data inputs ; 57                          ;
;         6 data inputs ; 102                         ;
; boundary_port         ; 40                          ;
; stratixv_ram_block    ; 2                           ;
;                       ;                             ;
; Max LUT depth         ; 7.90                        ;
; Average LUT depth     ; 3.53                        ;
+-----------------------+-----------------------------+


+-------------------------------+
; Elapsed Time Per Partition    ;
+----------------+--------------+
; Partition Name ; Elapsed Time ;
+----------------+--------------+
; Top            ; 00:00:01     ;
+----------------+--------------+


+-------------------------------+
; Analysis & Synthesis Messages ;
+-------------------------------+
Info: *******************************************************************
Info: Running Quartus Prime Analysis & Synthesis
    Info: Version 18.1.0 Build 625 09/12/2018 SJ Lite Edition
    Info: Processing started: Wed May 01 01:46:29 2019
Info: Command: quartus_map --read_settings_files=on --write_settings_files=off Laboratorio5 -c Laboratorio5
Warning (18236): Number of processors has not been specified which may cause overloading on shared machines.  Set the global assignment NUM_PARALLEL_PROCESSORS in your QSF to an appropriate value for best performance.
Info (20030): Parallel compilation is enabled and will use 4 of the 4 processors detected
Info (12021): Found 1 design units, including 1 entities, in source file msg.sv
    Info (12023): Found entity 1: msg File: C:/Users/Jose Rivera/Documents/VGA-Controller/msg.sv Line: 1
Info (12021): Found 1 design units, including 1 entities, in source file antirrebote.sv
    Info (12023): Found entity 1: antirrebote File: C:/Users/Jose Rivera/Documents/VGA-Controller/antirrebote.sv Line: 1
Info (12021): Found 2 design units, including 1 entities, in source file decodificador.vhd
    Info (12022): Found design unit 1: decodificador-Behavioral File: C:/Users/Jose Rivera/Documents/VGA-Controller/decodificador.vhd Line: 13
    Info (12023): Found entity 1: decodificador File: C:/Users/Jose Rivera/Documents/VGA-Controller/decodificador.vhd Line: 5
Info (12021): Found 1 design units, including 1 entities, in source file counter.sv
    Info (12023): Found entity 1: counter File: C:/Users/Jose Rivera/Documents/VGA-Controller/counter.sv Line: 1
Info (12021): Found 1 design units, including 1 entities, in source file comparator.sv
    Info (12023): Found entity 1: Comparator File: C:/Users/Jose Rivera/Documents/VGA-Controller/Comparator.sv Line: 1
Info (12021): Found 1 design units, including 1 entities, in source file fsm.sv
    Info (12023): Found entity 1: FSM File: C:/Users/Jose Rivera/Documents/VGA-Controller/FSM.sv Line: 1
Info (12021): Found 1 design units, including 1 entities, in source file vga_controller.sv
    Info (12023): Found entity 1: VGA_Controller File: C:/Users/Jose Rivera/Documents/VGA-Controller/VGA_Controller.sv Line: 1
Info (12021): Found 1 design units, including 1 entities, in source file clk_div.sv
    Info (12023): Found entity 1: clk_div File: C:/Users/Jose Rivera/Documents/VGA-Controller/clk_div.sv Line: 1
Info (12021): Found 1 design units, including 1 entities, in source file mux_rgb.sv
    Info (12023): Found entity 1: mux_RGB File: C:/Users/Jose Rivera/Documents/VGA-Controller/mux_RGB.sv Line: 1
Info (12021): Found 1 design units, including 1 entities, in source file selector.sv
    Info (12023): Found entity 1: selector File: C:/Users/Jose Rivera/Documents/VGA-Controller/selector.sv Line: 1
Info (12021): Found 1 design units, including 1 entities, in source file mux_cuadrante.sv
    Info (12023): Found entity 1: mux_cuadrante File: C:/Users/Jose Rivera/Documents/VGA-Controller/mux_cuadrante.sv Line: 1
Info (12021): Found 1 design units, including 1 entities, in source file hlinegenerator.sv
    Info (12023): Found entity 1: hlineGenerator File: C:/Users/Jose Rivera/Documents/VGA-Controller/hlineGenerator.sv Line: 1
Info (12021): Found 1 design units, including 1 entities, in source file vlinegenerator.sv
    Info (12023): Found entity 1: vlineGenerator File: C:/Users/Jose Rivera/Documents/VGA-Controller/vlineGenerator.sv Line: 1
Info (12021): Found 1 design units, including 1 entities, in source file top_test.sv
    Info (12023): Found entity 1: top_test File: C:/Users/Jose Rivera/Documents/VGA-Controller/top_test.sv Line: 1
Info (12021): Found 1 design units, including 1 entities, in source file test.sv
    Info (12023): Found entity 1: test File: C:/Users/Jose Rivera/Documents/VGA-Controller/test.sv Line: 1
Info (12021): Found 1 design units, including 1 entities, in source file random.sv
    Info (12023): Found entity 1: random File: C:/Users/Jose Rivera/Documents/VGA-Controller/random.sv Line: 1
Info (12021): Found 1 design units, including 1 entities, in source file sprite.sv
    Info (12023): Found entity 1: sprite File: C:/Users/Jose Rivera/Documents/VGA-Controller/sprite.sv Line: 1
Info (12021): Found 1 design units, including 1 entities, in source file cronometer.sv
    Info (12023): Found entity 1: cronometer File: C:/Users/Jose Rivera/Documents/VGA-Controller/cronometer.sv Line: 1
Info (12021): Found 1 design units, including 1 entities, in source file new_clock.sv
    Info (12023): Found entity 1: new_clock File: C:/Users/Jose Rivera/Documents/VGA-Controller/new_clock.sv Line: 1
Info (12021): Found 1 design units, including 1 entities, in source file mux_sprite_state.sv
    Info (12023): Found entity 1: mux_sprite_state File: C:/Users/Jose Rivera/Documents/VGA-Controller/mux_sprite_state.sv Line: 1
Info (12021): Found 1 design units, including 1 entities, in source file mux_rgb_spr.sv
    Info (12023): Found entity 1: mux_RGB_spr File: C:/Users/Jose Rivera/Documents/VGA-Controller/mux_RGB_spr.sv Line: 1
Info (12021): Found 1 design units, including 1 entities, in source file mux_rst.sv
    Info (12023): Found entity 1: mux_rst File: C:/Users/Jose Rivera/Documents/VGA-Controller/mux_rst.sv Line: 1
Info (12021): Found 1 design units, including 1 entities, in source file selectioncompartor.sv
    Info (12023): Found entity 1: selectionCompartor File: C:/Users/Jose Rivera/Documents/VGA-Controller/selectionCompartor.sv Line: 1
Info (12021): Found 1 design units, including 1 entities, in source file mux_msg_state.sv
    Info (12023): Found entity 1: mux_msg_state File: C:/Users/Jose Rivera/Documents/VGA-Controller/mux_msg_state.sv Line: 1
Info (12021): Found 1 design units, including 1 entities, in source file mux_rgb_msg.sv
    Info (12023): Found entity 1: mux_RGB_msg File: C:/Users/Jose Rivera/Documents/VGA-Controller/mux_RGB_msg.sv Line: 1
Info (12021): Found 1 design units, including 1 entities, in source file cronometer2.sv
    Info (12023): Found entity 1: cronometer2 File: C:/Users/Jose Rivera/Documents/VGA-Controller/cronometer2.sv Line: 1
Critical Warning (10846): Verilog HDL Instantiation warning at top_test.sv(91): instance has no name File: C:/Users/Jose Rivera/Documents/VGA-Controller/top_test.sv Line: 91
Info (12127): Elaborating entity "top_test" for the top level hierarchy
Warning (10036): Verilog HDL or VHDL warning at top_test.sv(20): object "rstall" assigned a value but never read File: C:/Users/Jose Rivera/Documents/VGA-Controller/top_test.sv Line: 20
Info (12128): Elaborating entity "antirrebote" for hierarchy "antirrebote:ant" File: C:/Users/Jose Rivera/Documents/VGA-Controller/top_test.sv Line: 53
Warning (10230): Verilog HDL assignment warning at antirrebote.sv(15): truncated value with size 32 to match size of target (20) File: C:/Users/Jose Rivera/Documents/VGA-Controller/antirrebote.sv Line: 15
Info (12128): Elaborating entity "clk_div" for hierarchy "clk_div:nclk" File: C:/Users/Jose Rivera/Documents/VGA-Controller/top_test.sv Line: 58
Info (12128): Elaborating entity "counter" for hierarchy "counter:ctn" File: C:/Users/Jose Rivera/Documents/VGA-Controller/top_test.sv Line: 60
Warning (10230): Verilog HDL assignment warning at counter.sv(25): truncated value with size 32 to match size of target (3) File: C:/Users/Jose Rivera/Documents/VGA-Controller/counter.sv Line: 25
Info (12128): Elaborating entity "random" for hierarchy "random:ran" File: C:/Users/Jose Rivera/Documents/VGA-Controller/top_test.sv Line: 62
Warning (10230): Verilog HDL assignment warning at random.sv(27): truncated value with size 32 to match size of target (7) File: C:/Users/Jose Rivera/Documents/VGA-Controller/random.sv Line: 27
Critical Warning (10237): Verilog HDL warning at random.sv(59): can't infer register for assignment in edge-triggered always construct because the clock isn't obvious. Generated combinational logic instead File: C:/Users/Jose Rivera/Documents/VGA-Controller/random.sv Line: 59
Info (12128): Elaborating entity "decodificador" for hierarchy "decodificador:deco" File: C:/Users/Jose Rivera/Documents/VGA-Controller/top_test.sv Line: 64
Info (12128): Elaborating entity "FSM" for hierarchy "FSM:fsm" File: C:/Users/Jose Rivera/Documents/VGA-Controller/top_test.sv Line: 66
Info (12128): Elaborating entity "selector" for hierarchy "selector:selectd" File: C:/Users/Jose Rivera/Documents/VGA-Controller/top_test.sv Line: 68
Info (12128): Elaborating entity "mux_sprite_state" for hierarchy "mux_sprite_state:mxs" File: C:/Users/Jose Rivera/Documents/VGA-Controller/top_test.sv Line: 70
Warning (10036): Verilog HDL or VHDL warning at mux_sprite_state.sv(6): object "color" assigned a value but never read File: C:/Users/Jose Rivera/Documents/VGA-Controller/mux_sprite_state.sv Line: 6
Info (12128): Elaborating entity "mux_msg_state" for hierarchy "mux_msg_state:msg" File: C:/Users/Jose Rivera/Documents/VGA-Controller/top_test.sv Line: 72
Warning (10036): Verilog HDL or VHDL warning at mux_msg_state.sv(6): object "color" assigned a value but never read File: C:/Users/Jose Rivera/Documents/VGA-Controller/mux_msg_state.sv Line: 6
Info (12128): Elaborating entity "mux_RGB" for hierarchy "mux_RGB:dut" File: C:/Users/Jose Rivera/Documents/VGA-Controller/top_test.sv Line: 74
Info (12128): Elaborating entity "Comparator" for hierarchy "Comparator:comp" File: C:/Users/Jose Rivera/Documents/VGA-Controller/top_test.sv Line: 76
Info (12128): Elaborating entity "new_clock" for hierarchy "new_clock:nw" File: C:/Users/Jose Rivera/Documents/VGA-Controller/top_test.sv Line: 78
Warning (10230): Verilog HDL assignment warning at new_clock.sv(23): truncated value with size 32 to match size of target (26) File: C:/Users/Jose Rivera/Documents/VGA-Controller/new_clock.sv Line: 23
Info (12128): Elaborating entity "cronometer" for hierarchy "cronometer:crn" File: C:/Users/Jose Rivera/Documents/VGA-Controller/top_test.sv Line: 80
Warning (10230): Verilog HDL assignment warning at cronometer.sv(26): truncated value with size 32 to match size of target (2) File: C:/Users/Jose Rivera/Documents/VGA-Controller/cronometer.sv Line: 26
Critical Warning (10237): Verilog HDL warning at cronometer.sv(32): can't infer register for assignment in edge-triggered always construct because the clock isn't obvious. Generated combinational logic instead File: C:/Users/Jose Rivera/Documents/VGA-Controller/cronometer.sv Line: 32
Info (12128): Elaborating entity "cronometer2" for hierarchy "cronometer2:crn2" File: C:/Users/Jose Rivera/Documents/VGA-Controller/top_test.sv Line: 81
Warning (10230): Verilog HDL assignment warning at cronometer2.sv(26): truncated value with size 32 to match size of target (2) File: C:/Users/Jose Rivera/Documents/VGA-Controller/cronometer2.sv Line: 26
Critical Warning (10237): Verilog HDL warning at cronometer2.sv(32): can't infer register for assignment in edge-triggered always construct because the clock isn't obvious. Generated combinational logic instead File: C:/Users/Jose Rivera/Documents/VGA-Controller/cronometer2.sv Line: 32
Info (12128): Elaborating entity "hlineGenerator" for hierarchy "hlineGenerator:generator" File: C:/Users/Jose Rivera/Documents/VGA-Controller/top_test.sv Line: 83
Warning (10036): Verilog HDL or VHDL warning at hlineGenerator.sv(9): object "color" assigned a value but never read File: C:/Users/Jose Rivera/Documents/VGA-Controller/hlineGenerator.sv Line: 9
Info (12128): Elaborating entity "vlineGenerator" for hierarchy "vlineGenerator:generator2" File: C:/Users/Jose Rivera/Documents/VGA-Controller/top_test.sv Line: 85
Warning (10036): Verilog HDL or VHDL warning at vlineGenerator.sv(9): object "color" assigned a value but never read File: C:/Users/Jose Rivera/Documents/VGA-Controller/vlineGenerator.sv Line: 9
Info (12128): Elaborating entity "sprite" for hierarchy "sprite:sp" File: C:/Users/Jose Rivera/Documents/VGA-Controller/top_test.sv Line: 87
Warning (10030): Net "RAM.data_a" at sprite.sv(104) has no driver or initial value, using a default initial value '0' File: C:/Users/Jose Rivera/Documents/VGA-Controller/sprite.sv Line: 104
Warning (10030): Net "RAM.waddr_a" at sprite.sv(104) has no driver or initial value, using a default initial value '0' File: C:/Users/Jose Rivera/Documents/VGA-Controller/sprite.sv Line: 104
Warning (10030): Net "RAM.we_a" at sprite.sv(104) has no driver or initial value, using a default initial value '0' File: C:/Users/Jose Rivera/Documents/VGA-Controller/sprite.sv Line: 104
Info (12128): Elaborating entity "msg" for hierarchy "msg:ms" File: C:/Users/Jose Rivera/Documents/VGA-Controller/top_test.sv Line: 89
Warning (10030): Net "RAM.data_a" at msg.sv(83) has no driver or initial value, using a default initial value '0' File: C:/Users/Jose Rivera/Documents/VGA-Controller/msg.sv Line: 83
Warning (10030): Net "RAM.waddr_a" at msg.sv(83) has no driver or initial value, using a default initial value '0' File: C:/Users/Jose Rivera/Documents/VGA-Controller/msg.sv Line: 83
Warning (10030): Net "RAM.we_a" at msg.sv(83) has no driver or initial value, using a default initial value '0' File: C:/Users/Jose Rivera/Documents/VGA-Controller/msg.sv Line: 83
Info (12128): Elaborating entity "mux_RGB_msg" for hierarchy "mux_RGB_msg:comb_4" File: C:/Users/Jose Rivera/Documents/VGA-Controller/top_test.sv Line: 91
Info (12128): Elaborating entity "mux_RGB_spr" for hierarchy "mux_RGB_spr:mxsc" File: C:/Users/Jose Rivera/Documents/VGA-Controller/top_test.sv Line: 93
Warning (10272): Verilog HDL Case Statement warning at mux_RGB_spr.sv(28): case item expression covers a value already covered by a previous case item File: C:/Users/Jose Rivera/Documents/VGA-Controller/mux_RGB_spr.sv Line: 28
Info (12128): Elaborating entity "selectionCompartor" for hierarchy "selectionCompartor:sc" File: C:/Users/Jose Rivera/Documents/VGA-Controller/top_test.sv Line: 95
Info (12128): Elaborating entity "VGA_Controller" for hierarchy "VGA_Controller:controller" File: C:/Users/Jose Rivera/Documents/VGA-Controller/top_test.sv Line: 97
Warning (10230): Verilog HDL assignment warning at VGA_Controller.sv(77): truncated value with size 32 to match size of target (8) File: C:/Users/Jose Rivera/Documents/VGA-Controller/VGA_Controller.sv Line: 77
Warning (10230): Verilog HDL assignment warning at VGA_Controller.sv(80): truncated value with size 32 to match size of target (8) File: C:/Users/Jose Rivera/Documents/VGA-Controller/VGA_Controller.sv Line: 80
Warning (10230): Verilog HDL assignment warning at VGA_Controller.sv(83): truncated value with size 32 to match size of target (8) File: C:/Users/Jose Rivera/Documents/VGA-Controller/VGA_Controller.sv Line: 83
Warning (10230): Verilog HDL assignment warning at VGA_Controller.sv(123): truncated value with size 32 to match size of target (10) File: C:/Users/Jose Rivera/Documents/VGA-Controller/VGA_Controller.sv Line: 123
Warning (10230): Verilog HDL assignment warning at VGA_Controller.sv(149): truncated value with size 32 to match size of target (10) File: C:/Users/Jose Rivera/Documents/VGA-Controller/VGA_Controller.sv Line: 149
Info (276014): Found 2 instances of uninferred RAM logic
    Info (276004): RAM logic "mux_RGB_spr:mxsc|Ram0" is uninferred due to inappropriate RAM size File: C:/Users/Jose Rivera/Documents/VGA-Controller/mux_RGB_spr.sv Line: 8
    Info (276007): RAM logic "sprite:sp|RAM" is uninferred due to asynchronous read logic File: C:/Users/Jose Rivera/Documents/VGA-Controller/sprite.sv Line: 104
Info (19000): Inferred 1 megafunctions from design logic
    Info (276029): Inferred altsyncram megafunction from the following design logic: "msg:ms|RAM_rtl_0" 
        Info (286033): Parameter OPERATION_MODE set to ROM
        Info (286033): Parameter WIDTH_A set to 2
        Info (286033): Parameter WIDTHAD_A set to 12
        Info (286033): Parameter NUMWORDS_A set to 4096
        Info (286033): Parameter OUTDATA_REG_A set to UNREGISTERED
        Info (286033): Parameter ADDRESS_ACLR_A set to NONE
        Info (286033): Parameter OUTDATA_ACLR_A set to NONE
        Info (286033): Parameter INDATA_ACLR_A set to NONE
        Info (286033): Parameter WRCONTROL_ACLR_A set to NONE
        Info (286033): Parameter INIT_FILE set to db/Laboratorio5.ram0_msg_1c214.hdl.mif
Info (12130): Elaborated megafunction instantiation "msg:ms|altsyncram:RAM_rtl_0"
Info (12133): Instantiated megafunction "msg:ms|altsyncram:RAM_rtl_0" with the following parameter:
    Info (12134): Parameter "OPERATION_MODE" = "ROM"
    Info (12134): Parameter "WIDTH_A" = "2"
    Info (12134): Parameter "WIDTHAD_A" = "12"
    Info (12134): Parameter "NUMWORDS_A" = "4096"
    Info (12134): Parameter "OUTDATA_REG_A" = "UNREGISTERED"
    Info (12134): Parameter "ADDRESS_ACLR_A" = "NONE"
    Info (12134): Parameter "OUTDATA_ACLR_A" = "NONE"
    Info (12134): Parameter "INDATA_ACLR_A" = "NONE"
    Info (12134): Parameter "WRCONTROL_ACLR_A" = "NONE"
    Info (12134): Parameter "INIT_FILE" = "db/Laboratorio5.ram0_msg_1c214.hdl.mif"
Info (12021): Found 1 design units, including 1 entities, in source file db/altsyncram_5rd1.tdf
    Info (12023): Found entity 1: altsyncram_5rd1 File: C:/Users/Jose Rivera/Documents/VGA-Controller/db/altsyncram_5rd1.tdf Line: 27
Warning (13024): Output pins are stuck at VCC or GND
    Warning (13410): Pin "oVGA_SYNC" is stuck at GND File: C:/Users/Jose Rivera/Documents/VGA-Controller/top_test.sv Line: 9
Info (286030): Timing-Driven Synthesis is running
Info (17049): 2 registers lost all their fanouts during netlist optimizations.
Info (144001): Generated suppressed messages file C:/Users/Jose Rivera/Documents/VGA-Controller/output_files/Laboratorio5.map.smsg
Info (16010): Generating hard_block partition "hard_block:auto_generated_inst"
    Info (16011): Adding 0 node(s), including 0 DDIO, 0 PLL, 0 transceiver and 0 LCELL
Info (21057): Implemented 427 device resources after synthesis - the final resource count might be different
    Info (21058): Implemented 4 input pins
    Info (21059): Implemented 36 output pins
    Info (21061): Implemented 385 logic cells
    Info (21064): Implemented 2 RAM segments
Info: Quartus Prime Analysis & Synthesis was successful. 0 errors, 30 warnings
    Info: Peak virtual memory: 4901 megabytes
    Info: Processing ended: Wed May 01 01:46:48 2019
    Info: Elapsed time: 00:00:19
    Info: Total CPU time (on all processors): 00:00:45


+------------------------------------------+
; Analysis & Synthesis Suppressed Messages ;
+------------------------------------------+
The suppressed messages can be found in C:/Users/Jose Rivera/Documents/VGA-Controller/output_files/Laboratorio5.map.smsg.


